# JRE version: OpenJDK Runtime Environment (21.0.10) (build 21.0.10+-14961533-b1163.108)
# Java VM: OpenJDK 64-Bit Server VM (21.0.10+-14961533-b1163.108, mixed mode, tiered, compressed oops, compressed class ptrs, g1 gc, windows-amd64)
GC Precious Log:
 CardTable entry size: 512
 Card Set container configuration: InlinePtr #cards 4 size 8 Array Of Cards #cards 16 size 48 Howl #buckets 8 coarsen threshold 3686 Howl Bitmap #cards 512 size 80 coarsen threshold 460 Card regions per heap region 1 cards per card region 4096
 CPUs: 14 total, 14 available
 Memory: 15828M
 Large Page Support: Disabled
 NUMA Support: Disabled
 Compressed Oops: Enabled (Zero based)
 Heap Region Size: 2M
 Heap Min Capacity: 8M
 Heap Initial Capacity: 248M
 Heap Max Capacity: 3958M
 Pre-touch: Disabled
 Parallel Workers: 11
 Concurrent Workers: 3
 Concurrent Refinement Workers: 11
 Periodic GC: Disabled
Heap:
 garbage-first heap   total 212992K, used 141701K [0x0000000708a00000, 0x0000000800000000)
  region size 2048K, 14 young (28672K), 5 survivors (10240K)
 Metaspace       used 61676K, committed 62016K, reserved 1114112K
  class space    used 6979K, committed 7104K, reserved 1048576K
GC Heap History (20 events):
Event: 11.003 GC heap before
{Heap before GC invocations=6 (full 0):
 garbage-first heap   total 47104K, used 35712K [0x0000000708a00000, 0x0000000800000000)
  region size 2048K, 8 young (16384K), 2 survivors (4096K)
 Metaspace       used 29260K, committed 29504K, reserved 1114112K
  class space    used 3201K, committed 3328K, reserved 1048576K
}
Event: 11.017 GC heap after
{Heap after GC invocations=7 (full 0):
 garbage-first heap   total 47104K, used 25564K [0x0000000708a00000, 0x0000000800000000)
  region size 2048K, 1 young (2048K), 1 survivors (2048K)
 Metaspace       used 29260K, committed 29504K, reserved 1114112K
  class space    used 3201K, committed 3328K, reserved 1048576K
}
Event: 11.678 GC heap before
{Heap before GC invocations=7 (full 0):
 garbage-first heap   total 47104K, used 35804K [0x0000000708a00000, 0x0000000800000000)
  region size 2048K, 6 young (12288K), 1 survivors (2048K)
 Metaspace       used 32588K, committed 32832K, reserved 1114112K
  class space    used 3714K, committed 3840K, reserved 1048576K
}
Event: 11.685 GC heap after
{Heap after GC invocations=8 (full 0):
 garbage-first heap   total 47104K, used 26393K [0x0000000708a00000, 0x0000000800000000)
  region size 2048K, 1 young (2048K), 1 survivors (2048K)
 Metaspace       used 32588K, committed 32832K, reserved 1114112K
  class space    used 3714K, committed 3840K, reserved 1048576K
}
Event: 12.372 GC heap before
{Heap before GC invocations=9 (full 0):
 garbage-first heap   total 49152K, used 36633K [0x0000000708a00000, 0x0000000800000000)
  region size 2048K, 6 young (12288K), 1 survivors (2048K)
 Metaspace       used 35343K, committed 35584K, reserved 1114112K
  class space    used 4394K, committed 4480K, reserved 1048576K
}
Event: 12.379 GC heap after
{Heap after GC invocations=10 (full 0):
 garbage-first heap   total 151552K, used 27420K [0x0000000708a00000, 0x0000000800000000)
  region size 2048K, 1 young (2048K), 1 survivors (2048K)
 Metaspace       used 35343K, committed 35584K, reserved 1114112K
  class space    used 4394K, committed 4480K, reserved 1048576K
}
Event: 16.411 GC heap before
{Heap before GC invocations=10 (full 0):
 garbage-first heap   total 151552K, used 109340K [0x0000000708a00000, 0x0000000800000000)
  region size 2048K, 42 young (86016K), 1 survivors (2048K)
 Metaspace       used 49925K, committed 50240K, reserved 1114112K
  class space    used 5863K, committed 5952K, reserved 1048576K
}
Event: 16.440 GC heap after
{Heap after GC invocations=11 (full 0):
 garbage-first heap   total 151552K, used 38654K [0x0000000708a00000, 0x0000000800000000)
  region size 2048K, 6 young (12288K), 6 survivors (12288K)
 Metaspace       used 49925K, committed 50240K, reserved 1114112K
  class space    used 5863K, committed 5952K, reserved 1048576K
}
Event: 17.386 GC heap before
{Heap before GC invocations=11 (full 0):
 garbage-first heap   total 151552K, used 110334K [0x0000000708a00000, 0x0000000800000000)
  region size 2048K, 41 young (83968K), 6 survivors (12288K)
 Metaspace       used 50724K, committed 51008K, reserved 1114112K
  class space    used 5908K, committed 6016K, reserved 1048576K
}
Event: 17.422 GC heap after
{Heap after GC invocations=12 (full 0):
 garbage-first heap   total 151552K, used 57026K [0x0000000708a00000, 0x0000000800000000)
  region size 2048K, 6 young (12288K), 6 survivors (12288K)
 Metaspace       used 50724K, committed 51008K, reserved 1114112K
  class space    used 5908K, committed 6016K, reserved 1048576K
}
Event: 17.762 GC heap before
{Heap before GC invocations=12 (full 0):
 garbage-first heap   total 151552K, used 112322K [0x0000000708a00000, 0x0000000800000000)
  region size 2048K, 33 young (67584K), 6 survivors (12288K)
 Metaspace       used 50826K, committed 51136K, reserved 1114112K
  class space    used 5911K, committed 6016K, reserved 1048576K
}
Event: 17.785 GC heap after
{Heap after GC invocations=13 (full 0):
 garbage-first heap   total 151552K, used 72518K [0x0000000708a00000, 0x0000000800000000)
  region size 2048K, 5 young (10240K), 5 survivors (10240K)
 Metaspace       used 50826K, committed 51136K, reserved 1114112K
  class space    used 5911K, committed 6016K, reserved 1048576K
}
Event: 18.217 GC heap before
{Heap before GC invocations=13 (full 0):
 garbage-first heap   total 151552K, used 119622K [0x0000000708a00000, 0x0000000800000000)
  region size 2048K, 28 young (57344K), 5 survivors (10240K)
 Metaspace       used 51221K, committed 51584K, reserved 1114112K
  class space    used 5947K, committed 6080K, reserved 1048576K
}
Event: 18.241 GC heap after
{Heap after GC invocations=14 (full 0):
 garbage-first heap   total 151552K, used 89757K [0x0000000708a00000, 0x0000000800000000)
  region size 2048K, 4 young (8192K), 4 survivors (8192K)
 Metaspace       used 51221K, committed 51584K, reserved 1114112K
  class space    used 5947K, committed 6080K, reserved 1048576K
}
Event: 19.724 GC heap before
{Heap before GC invocations=14 (full 0):
 garbage-first heap   total 151552K, used 124573K [0x0000000708a00000, 0x0000000800000000)
  region size 2048K, 21 young (43008K), 4 survivors (8192K)
 Metaspace       used 54356K, committed 54656K, reserved 1114112K
  class space    used 6267K, committed 6400K, reserved 1048576K
}
Event: 19.749 GC heap after
{Heap after GC invocations=15 (full 0):
 garbage-first heap   total 212992K, used 100352K [0x0000000708a00000, 0x0000000800000000)
  region size 2048K, 3 young (6144K), 3 survivors (6144K)
 Metaspace       used 54356K, committed 54656K, reserved 1114112K
  class space    used 6267K, committed 6400K, reserved 1048576K
}
Event: 26.483 GC heap before
{Heap before GC invocations=16 (full 0):
 garbage-first heap   total 212992K, used 167936K [0x0000000708a00000, 0x0000000800000000)
  region size 2048K, 36 young (73728K), 3 survivors (6144K)
 Metaspace       used 59931K, committed 60160K, reserved 1114112K
  class space    used 6884K, committed 6976K, reserved 1048576K
}
Event: 26.507 GC heap after
{Heap after GC invocations=17 (full 0):
 garbage-first heap   total 212992K, used 114688K [0x0000000708a00000, 0x0000000800000000)
  region size 2048K, 5 young (10240K), 5 survivors (10240K)
 Metaspace       used 59931K, committed 60160K, reserved 1114112K
  class space    used 6884K, committed 6976K, reserved 1048576K
}
Event: 30.259 GC heap before
{Heap before GC invocations=17 (full 0):
 garbage-first heap   total 212992K, used 174080K [0x0000000708a00000, 0x0000000800000000)
  region size 2048K, 34 young (69632K), 5 survivors (10240K)
 Metaspace       used 61311K, committed 61632K, reserved 1114112K
  class space    used 6951K, committed 7040K, reserved 1048576K
}
Event: 30.285 GC heap after
{Heap after GC invocations=18 (full 0):
 garbage-first heap   total 212992K, used 125317K [0x0000000708a00000, 0x0000000800000000)
  region size 2048K, 5 young (10240K), 5 survivors (10240K)
 Metaspace       used 61311K, committed 61632K, reserved 1114112K
  class space    used 6951K, committed 7040K, reserved 1048576K
}

